<?xml version="1.0" encoding="UTF-8"?>
<!-- Generated by org.testng.reporters.JUnitReportReporter -->
<testsuite hostname="Birpartap-Singh" failures="0" tests="4" name="com.myTest.LoginTest" time="67.411" errors="2" timestamp="18 Feb 2023 21:46:42 GMT" skipped="0">
  <testcase classname="com.myTest.LoginTest" name="verifyloginpagetitletest" time="24.504"/>
  <testcase classname="com.myTest.LoginTest" name="verifyloginpagetitletest" time="9.853"/>
  <testcase classname="com.myTest.LoginTest" name="dologintest" time="14.675">
    <error message="Cannot invoke &quot;org.openqa.selenium.WebElement.getText()&quot; because the return value of &quot;com.mypages.BasePage.getElement(org.openqa.selenium.By)&quot; is null" type="java.lang.NullPointerException">
      <![CDATA[java.lang.NullPointerException: Cannot invoke "org.openqa.selenium.WebElement.getText()" because the return value of "com.mypages.BasePage.getElement(org.openqa.selenium.By)" is null
at com.mypages.BasePage.getPageHeader(BasePage.java:21)
at com.mypages.HomePage.getHomePageHeader(HomePage.java:25)
at com.myTest.LoginTest.dologintest(LoginTest.java:26)
at java.base/jdk.internal.reflect.NativeMethodAccessorImpl.invoke0(Native Method)
at java.base/jdk.internal.reflect.NativeMethodAccessorImpl.invoke(NativeMethodAccessorImpl.java:77)
at java.base/jdk.internal.reflect.DelegatingMethodAccessorImpl.invoke(DelegatingMethodAccessorImpl.java:43)
at java.base/java.lang.reflect.Method.invoke(Method.java:568)
at org.testng.internal.MethodInvocationHelper.invokeMethod(MethodInvocationHelper.java:124)
at org.testng.internal.Invoker.invokeMethod(Invoker.java:583)
at org.testng.internal.Invoker.invokeTestMethod(Invoker.java:719)
at org.testng.internal.Invoker.invokeTestMethods(Invoker.java:989)
at org.testng.internal.TestMethodWorker.invokeTestMethods(TestMethodWorker.java:125)
at org.testng.internal.TestMethodWorker.run(TestMethodWorker.java:109)
at java.base/java.util.concurrent.ThreadPoolExecutor.runWorker(ThreadPoolExecutor.java:1136)
at java.base/java.util.concurrent.ThreadPoolExecutor$Worker.run(ThreadPoolExecutor.java:635)
at java.base/java.lang.Thread.run(Thread.java:833)
]]>
    </error>
  </testcase> <!-- dologintest -->
  <testcase classname="com.myTest.LoginTest" name="dologintest" time="18.379">
    <error message="Cannot invoke &quot;org.openqa.selenium.WebElement.getText()&quot; because the return value of &quot;com.mypages.BasePage.getElement(org.openqa.selenium.By)&quot; is null" type="java.lang.NullPointerException">
      <![CDATA[java.lang.NullPointerException: Cannot invoke "org.openqa.selenium.WebElement.getText()" because the return value of "com.mypages.BasePage.getElement(org.openqa.selenium.By)" is null
at com.mypages.BasePage.getPageHeader(BasePage.java:21)
at com.mypages.HomePage.getHomePageHeader(HomePage.java:25)
at com.myTest.LoginTest.dologintest(LoginTest.java:26)
at java.base/jdk.internal.reflect.NativeMethodAccessorImpl.invoke0(Native Method)
at java.base/jdk.internal.reflect.NativeMethodAccessorImpl.invoke(NativeMethodAccessorImpl.java:77)
at java.base/jdk.internal.reflect.DelegatingMethodAccessorImpl.invoke(DelegatingMethodAccessorImpl.java:43)
at java.base/java.lang.reflect.Method.invoke(Method.java:568)
at org.testng.internal.MethodInvocationHelper.invokeMethod(MethodInvocationHelper.java:124)
at org.testng.internal.Invoker.invokeMethod(Invoker.java:583)
at org.testng.internal.Invoker.invokeTestMethod(Invoker.java:719)
at org.testng.internal.Invoker.invokeTestMethods(Invoker.java:989)
at org.testng.internal.TestMethodWorker.invokeTestMethods(TestMethodWorker.java:125)
at org.testng.internal.TestMethodWorker.run(TestMethodWorker.java:109)
at java.base/java.util.concurrent.ThreadPoolExecutor.runWorker(ThreadPoolExecutor.java:1136)
at java.base/java.util.concurrent.ThreadPoolExecutor$Worker.run(ThreadPoolExecutor.java:635)
at java.base/java.lang.Thread.run(Thread.java:833)
]]>
    </error>
  </testcase> <!-- dologintest -->
</testsuite> <!-- com.myTest.LoginTest -->
